<?xml version="1.0" encoding="UTF-8"?>
<!-- Generated by org.testng.reporters.JUnitXMLReporter -->
<testsuite ignored="6" hostname="MAHESH-LAPTOP" failures="0" tests="2" name="Grouping Test" time="0.079" errors="0" timestamp="2024-09-16T17:36:27 IST">
  <testcase classname="testNG_byPavan.PaymentTest" name="paymentInRupees" time="0.011"/>
  <testcase classname="testNG_byPavan.PaymentTest" name="paymentInDoller" time="0.001"/>
  <testcase classname="testNG_byPavan.SignupTest" name="signupByTwitter" time="0.0">
    <ignored/>
  </testcase> <!-- signupByTwitter -->
  <testcase classname="testNG_byPavan.SignupTest" name="signupByFacebook" time="0.0">
    <ignored/>
  </testcase> <!-- signupByFacebook -->
  <testcase classname="testNG_byPavan.LoginTest" name="loginByEmail" time="0.0">
    <ignored/>
  </testcase> <!-- loginByEmail -->
  <testcase classname="testNG_byPavan.SignupTest" name="signupByEmail" time="0.0">
    <ignored/>
  </testcase> <!-- signupByEmail -->
  <testcase classname="testNG_byPavan.LoginTest" name="loginByFacebook" time="0.0">
    <ignored/>
  </testcase> <!-- loginByFacebook -->
  <testcase classname="testNG_byPavan.LoginTest" name="loginByTwitter" time="0.0">
    <ignored/>
  </testcase> <!-- loginByTwitter -->
</testsuite> <!-- Grouping Test -->
