<?xml version="1.0" encoding="UTF-8"?>
<!-- Generated by org.testng.reporters.JUnitXMLReporter -->
<testsuite ignored="0" hostname="MAHESH-LAPTOP" failures="0" tests="8" name="OpenCart" time="9.192" errors="0" timestamp="2024-09-15T23:37:47 IST">
  <testcase classname="testNG_byPavan.OpenCartTest" name="openApp" time="4.601"/>
  <testcase classname="testNG_byPavan.OpenCartTest" name="testLogo" time="2.039"/>
  <testcase classname="testNG_byPavan.OpenCartTest" name="testLogin" time="1.103"/>
  <testcase classname="testNG_byPavan.OpenCartTest" name="testLogout" time="0.513"/>
  <testcase classname="testNG_byPavan.OpenCartTest" name="closeApp" time="0.814"/>
  <testcase classname="testNG_byPavan.FirstTestCase" name="openapp" time="0.004"/>
  <testcase classname="testNG_byPavan.FirstTestCase" name="login" time="0.004"/>
  <testcase classname="testNG_byPavan.FirstTestCase" name="logout" time="0.004"/>
</testsuite> <!-- OpenCart -->
