<?xml version="1.0" encoding="UTF-8"?>
<!-- Generated by org.testng.reporters.JUnitXMLReporter -->
<testsuite ignored="0" hostname="MAHESH-LAPTOP" failures="1" tests="1" name="TestLogin_Data3" time="5.037" errors="0" timestamp="2024-09-17T13:57:48 IST">
  <testcase classname="testNG_byPavan.OpenCart_TestLogin_XMLData" name="testLogin" time="0.0">
    <failure type="java.lang.NullPointerException" message="Cannot invoke &amp;quot;org.openqa.selenium.WebDriver.get(String)&amp;quot; because &amp;quot;this.driver&amp;quot; is null">
      <![CDATA[java.lang.NullPointerException: Cannot invoke "org.openqa.selenium.WebDriver.get(String)" because "this.driver" is null
at testNG_byPavan.OpenCart_TestLogin_XMLData.testLogin(OpenCart_TestLogin_XMLData.java:45)
at java.base/java.util.ArrayList.forEach(ArrayList.java:1511)
... Removed 27 stack frames]]>
    </failure>
  </testcase> <!-- testLogin -->
</testsuite> <!-- TestLogin_Data3 -->
