<?xml version="1.0" encoding="UTF-8"?>
<!-- Generated by org.testng.reporters.JUnitXMLReporter -->
<testsuite ignored="0" hostname="MAHESH-LENOVO-LAPTOP" failures="0" tests="5" name="Default test" time="17.578" errors="0" timestamp="2024-08-12T16:49:37 IST">
  <testcase classname="testNG.LaunchGoogle" name="openBrowser" time="1.476"/>
  <testcase classname="testNG.LaunchGoogle" name="launchApplication" time="3.894"/>
  <testcase classname="testNG.LaunchGoogle" name="searchAndClick" time="3.387"/>
  <testcase classname="testNG.LaunchGoogle" name="verifyPageTitle" time="3.032"/>
  <testcase classname="testNG.LaunchGoogle" name="closeBrowser" time="5.73"/>
</testsuite> <!-- Default test -->
