<?xml version="1.0" encoding="UTF-8"?>
<!-- Generated by org.testng.reporters.JUnitXMLReporter -->
<testsuite ignored="0" hostname="MAHESH-LAPTOP" failures="0" tests="2" name="Default test" time="37.597" errors="0" timestamp="2024-09-17T16:42:49 IST">
  <testcase classname="testNG_byPavan.OpenCart_TestLogin_UsingDataProvider" name="testLogin" time="20.194"/>
  <testcase classname="testNG_byPavan.OpenCart_TestLogin_UsingDataProvider" name="testLogin" time="10.467"/>
</testsuite> <!-- Default test -->
