<?xml version="1.0" encoding="UTF-8"?>
<!-- Generated by org.testng.reporters.JUnitXMLReporter -->
<testsuite ignored="0" hostname="MAHESH-LAPTOP" failures="1" tests="4" name="OrangeHRMTest" time="6.111" errors="0" timestamp="2024-11-06T13:33:22 IST">
  <testcase classname="testNG.OrangeHRM_WithListeners" name="testLaunchApp" time="2.467"/>
  <testcase classname="testNG.OrangeHRM_WithListeners" name="testLogo" time="0.044"/>
  <testcase classname="testNG.OrangeHRM_WithListeners" name="testURL" time="0.004">
    <failure type="java.lang.AssertionError" message="null">
      <![CDATA[java.lang.AssertionError: null
at testNG.OrangeHRM_WithListeners.testURL(OrangeHRM_WithListeners.java:39)
at java.base/java.util.ArrayList.forEach(ArrayList.java:1596)
... Removed 27 stack frames]]>
    </failure>
  </testcase> <!-- testURL -->
  <testcase classname="testNG.OrangeHRM_WithListeners" name="testTitle" time="0.0">
    <skipped/>
  </testcase> <!-- testTitle -->
</testsuite> <!-- OrangeHRMTest -->
