<?xml version="1.0" encoding="UTF-8"?>
<!-- Generated by org.testng.reporters.JUnitXMLReporter -->
<testsuite ignored="0" hostname="MAHESH-LAPTOP" failures="1" tests="4" name="OrangeHRMTest" time="39.306" errors="0" timestamp="2024-09-17T16:35:44 IST">
  <testcase classname="testNG_byPavan.OrangeHRM_WithListeners" name="testLaunchApp" time="2.887"/>
  <testcase classname="testNG_byPavan.OrangeHRM_WithListeners" name="testLogo" time="34.343"/>
  <testcase classname="testNG_byPavan.OrangeHRM_WithListeners" name="testURL" time="0.002">
    <failure type="java.lang.AssertionError" message="null">
      <![CDATA[java.lang.AssertionError: null
at testNG_byPavan.OrangeHRM_WithListeners.testURL(OrangeHRM_WithListeners.java:42)
at java.base/java.util.ArrayList.forEach(ArrayList.java:1511)
... Removed 29 stack frames]]>
    </failure>
  </testcase> <!-- testURL -->
  <testcase classname="testNG_byPavan.OrangeHRM_WithListeners" name="testTitle" time="0.0">
    <skipped/>
  </testcase> <!-- testTitle -->
</testsuite> <!-- OrangeHRMTest -->
