<?xml version="1.0" encoding="UTF-8"?>
<!-- Generated by org.testng.reporters.JUnitXMLReporter -->
<testsuite ignored="0" hostname="MAHESH-LAPTOP" failures="0" tests="5" name="Test" time="12.582" errors="0" timestamp="2024-09-15T23:23:26 IST">
  <testcase classname="testNG_byPavan.OpenCartTest" name="openApp" time="7.554"/>
  <testcase classname="testNG_byPavan.OpenCartTest" name="testLogo" time="2.07"/>
  <testcase classname="testNG_byPavan.OpenCartTest" name="testLogin" time="1.607"/>
  <testcase classname="testNG_byPavan.OpenCartTest" name="testLogout" time="1.052"/>
  <testcase classname="testNG_byPavan.OpenCartTest" name="closeApp" time="0.186"/>
</testsuite> <!-- Test -->
