<?xml version="1.0" encoding="UTF-8"?>
<!-- Generated by org.testng.reporters.JUnitXMLReporter -->
<testsuite ignored="0" hostname="MAHESH-LAPTOP" failures="0" tests="4" name="Test" time="248.004" errors="0" timestamp="2024-09-17T16:27:57 IST">
  <testcase classname="testNG_byPavan.OrangeHRM_WithListeners" name="testLaunchApp" time="62.989"/>
  <testcase classname="testNG_byPavan.OrangeHRM_WithListeners" name="testLogo" time="0.068"/>
  <testcase classname="testNG_byPavan.OrangeHRM_WithListeners" name="testURL" time="0.171"/>
  <testcase classname="testNG_byPavan.OrangeHRM_WithListeners" name="testTitle" time="0.015"/>
</testsuite> <!-- Test -->
