<?xml version="1.0" encoding="UTF-8"?>
<!-- Generated by org.testng.reporters.JUnitXMLReporter -->
<testsuite ignored="2" hostname="MAHESH-LENOVO-LAPTOP" failures="0" tests="4" name="Login And Payment Test" time="0.016" errors="0" timestamp="2024-08-12T17:03:51 IST">
  <testcase classname="testNG.Login" name="loginByEmail" time="0.002"/>
  <testcase classname="testNG.Login" name="loginByFacebook" time="0.003"/>
  <testcase classname="testNG.Payment" name="paymentInRupees" time="0.001"/>
  <testcase classname="testNG.PaymentReturn" name="paymentReturnByBank" time="0.002"/>
  <testcase classname="testNG.Payment" name="paymentInDoller" time="0.0">
    <ignored/>
  </testcase> <!-- paymentInDoller -->
  <testcase classname="testNG.Login" name="loginByTwitter" time="0.0">
    <ignored/>
  </testcase> <!-- loginByTwitter -->
</testsuite> <!-- Login And Payment Test -->
