<?xml version="1.0" encoding="UTF-8"?>
<!-- Generated by org.testng.reporters.JUnitXMLReporter -->
<testsuite ignored="0" hostname="MAHESH-LENOVO-LAPTOP" failures="0" tests="8" name="AnnotationTest1" time="0.136" errors="0" timestamp="2024-08-15T10:50:25 IST">
  <testcase classname="study.testng.LoginTest" name="loginByEmail" time="0.009"/>
  <testcase classname="study.testng.LoginTest" name="loginByFacebook" time="0.001"/>
  <testcase classname="study.testng.LoginTest" name="loginByTwitter" time="0.003"/>
  <testcase classname="study.testng.SignupTest" name="signupByEmail" time="0.001"/>
  <testcase classname="study.testng.SignupTest" name="signupByFacebook" time="0.002"/>
  <testcase classname="study.testng.SignupTest" name="signupByTwitter" time="0.011"/>
  <testcase classname="study.testng.PaymentTest" name="paymentInRupees" time="0.006"/>
  <testcase classname="study.testng.PaymentTest" name="paymentInDollar" time="0.003"/>
</testsuite> <!-- AnnotationTest1 -->
