<?xml version="1.0" encoding="UTF-8"?>
<!-- Generated by org.testng.reporters.JUnitXMLReporter -->
<testsuite ignored="0" hostname="MAHESH-LENOVO-LAPTOP" failures="0" tests="7" name="AnnotationTest2" time="0.041" errors="0" timestamp="2024-08-14T17:42:21 IST">
  <testcase classname="study.testng.AnnotationDemo1" name="test1" time="0.002"/>
  <testcase classname="study.testng.AnnotationDemo1" name="test2" time="0.002"/>
  <testcase classname="study.testng.AnnotationDemo1" name="test3" time="0.002"/>
  <testcase classname="study.testng.AnnotationDemo2" name="test1" time="0.002"/>
  <testcase classname="study.testng.AnnotationDemo2" name="test2" time="0.001"/>
  <testcase classname="study.testng.AnnotationDemo2" name="test3" time="0.003"/>
  <testcase classname="study.testng.AnnotationDemo2" name="test4" time="0.001"/>
</testsuite> <!-- AnnotationTest2 -->
