<?xml version="1.0" encoding="UTF-8"?>
<!-- Generated by org.testng.reporters.JUnitXMLReporter -->
<testsuite ignored="0" hostname="MAHESH-LAPTOP" failures="0" tests="3" name="ChromeDriver" time="32.066" errors="0" timestamp="2024-10-31T09:24:28 IST">
  <testcase classname="study.testng.ParameterTest" name="testLogo" time="0.145"/>
  <testcase classname="study.testng.ParameterTest" name="testTitle" time="0.023"/>
  <testcase classname="study.testng.ParameterTest" name="testURL" time="0.017"/>
</testsuite> <!-- ChromeDriver -->
