<?xml version="1.0" encoding="UTF-8"?>
<!-- Generated by org.testng.reporters.JUnitXMLReporter -->
<testsuite ignored="0" hostname="MAHESH-LAPTOP" failures="0" tests="3" name="EdgeDriver" time="54.03" errors="0" timestamp="2024-10-31T09:24:50 IST">
  <testcase classname="study.testng.ParameterTest" name="testLogo" time="0.082"/>
  <testcase classname="study.testng.ParameterTest" name="testTitle" time="0.012"/>
  <testcase classname="study.testng.ParameterTest" name="testURL" time="0.011"/>
</testsuite> <!-- EdgeDriver -->
