<?xml version="1.0" encoding="UTF-8"?>
<!-- Generated by org.testng.reporters.JUnitXMLReporter -->
<testsuite ignored="0" hostname="MAHESH-LENOVO-LAPTOP" failures="0" tests="3" name="EdgeDriver" time="17.019" errors="0" timestamp="2024-08-16T11:58:54 IST">
  <testcase classname="study.testng.ParameterTest" name="testLogo" time="0.134"/>
  <testcase classname="study.testng.ParameterTest" name="testTitle" time="0.016"/>
  <testcase classname="study.testng.ParameterTest" name="testURL" time="0.013"/>
</testsuite> <!-- EdgeDriver -->
