<?xml version="1.0" encoding="UTF-8"?>
<!-- Generated by org.testng.reporters.JUnitXMLReporter -->
<testsuite ignored="0" hostname="MAHESH-LAPTOP" failures="0" tests="3" name="FirefoxDriver" time="33.27" errors="0" timestamp="2024-10-31T09:24:30 IST">
  <testcase classname="study.testng.ParameterTest" name="testLogo" time="0.133"/>
  <testcase classname="study.testng.ParameterTest" name="testTitle" time="0.011"/>
  <testcase classname="study.testng.ParameterTest" name="testURL" time="0.007"/>
</testsuite> <!-- FirefoxDriver -->
