<?xml version="1.0" encoding="UTF-8"?>
<!-- Generated by org.testng.reporters.JUnitXMLReporter -->
<testsuite ignored="3" hostname="MAHESH-LENOVO-LAPTOP" failures="0" tests="5" name="GroupingTest2" time="0.106" errors="0" timestamp="2024-08-15T11:01:24 IST">
  <testcase classname="study.testng.LoginTest" name="loginByEmail" time="0.009"/>
  <testcase classname="study.testng.LoginTest" name="loginByFacebook" time="0.007"/>
  <testcase classname="study.testng.LoginTest" name="loginByTwitter" time="0.003"/>
  <testcase classname="study.testng.PaymentTest" name="paymentInRupees" time="0.001"/>
  <testcase classname="study.testng.PaymentTest" name="paymentInDollar" time="0.001"/>
  <testcase classname="study.testng.SignupTest" name="signupByFacebook" time="0.0">
    <ignored/>
  </testcase> <!-- signupByFacebook -->
  <testcase classname="study.testng.SignupTest" name="signupByEmail" time="0.0">
    <ignored/>
  </testcase> <!-- signupByEmail -->
  <testcase classname="study.testng.SignupTest" name="signupByTwitter" time="0.0">
    <ignored/>
  </testcase> <!-- signupByTwitter -->
</testsuite> <!-- GroupingTest2 -->
