<?xml version="1.0" encoding="UTF-8"?>
<!-- Generated by org.testng.reporters.JUnitXMLReporter -->
<testsuite ignored="6" hostname="MAHESH-LENOVO-LAPTOP" failures="0" tests="2" name="GroupingTest3" time="0.084" errors="0" timestamp="2024-08-15T11:11:04 IST">
  <testcase classname="study.testng.LoginTest" name="loginByEmail" time="0.011"/>
  <testcase classname="study.testng.LoginTest" name="loginByFacebook" time="0.002"/>
  <testcase classname="study.testng.PaymentTest" name="paymentInRupees" time="0.0">
    <ignored/>
  </testcase> <!-- paymentInRupees -->
  <testcase classname="study.testng.SignupTest" name="signupByFacebook" time="0.0">
    <ignored/>
  </testcase> <!-- signupByFacebook -->
  <testcase classname="study.testng.SignupTest" name="signupByEmail" time="0.0">
    <ignored/>
  </testcase> <!-- signupByEmail -->
  <testcase classname="study.testng.LoginTest" name="loginByTwitter" time="0.0">
    <ignored/>
  </testcase> <!-- loginByTwitter -->
  <testcase classname="study.testng.SignupTest" name="signupByTwitter" time="0.0">
    <ignored/>
  </testcase> <!-- signupByTwitter -->
  <testcase classname="study.testng.PaymentTest" name="paymentInDollar" time="0.0">
    <ignored/>
  </testcase> <!-- paymentInDollar -->
</testsuite> <!-- GroupingTest3 -->
