<?xml version="1.0" encoding="UTF-8"?>
<!-- Generated by org.testng.reporters.JUnitXMLReporter -->
<testsuite ignored="5" hostname="MAHESH-LAPTOP" failures="0" tests="3" name="GroupingTest1" time="0.066" errors="0" timestamp="2024-10-31T09:17:49 IST">
  <testcase classname="study.testng.SignupTest" name="signupByEmail" time="0.008"/>
  <testcase classname="study.testng.SignupTest" name="signupByFacebook" time="0.005"/>
  <testcase classname="study.testng.SignupTest" name="signupByTwitter" time="0.001"/>
  <testcase classname="study.testng.LoginTest" name="loginByFacebook" time="0.0">
    <ignored/>
  </testcase> <!-- loginByFacebook -->
  <testcase classname="study.testng.LoginTest" name="loginByTwitter" time="0.0">
    <ignored/>
  </testcase> <!-- loginByTwitter -->
  <testcase classname="study.testng.LoginTest" name="loginByEmail" time="0.0">
    <ignored/>
  </testcase> <!-- loginByEmail -->
  <testcase classname="study.testng.PaymentTest" name="paymentInRupees" time="0.0">
    <ignored/>
  </testcase> <!-- paymentInRupees -->
  <testcase classname="study.testng.PaymentTest" name="paymentInDollar" time="0.0">
    <ignored/>
  </testcase> <!-- paymentInDollar -->
</testsuite> <!-- GroupingTest1 -->
