<?xml version="1.0" encoding="UTF-8"?>
<!-- Generated by org.testng.reporters.JUnitXMLReporter -->
<testsuite ignored="2" hostname="MAHESH-LENOVO-LAPTOP" failures="0" tests="6" name="GroupingTest4" time="0.099" errors="0" timestamp="2024-08-15T11:29:20 IST">
  <testcase classname="study.testng.LoginTest" name="loginByEmail" time="0.008"/>
  <testcase classname="study.testng.LoginTest" name="loginByFacebook" time="0.005"/>
  <testcase classname="study.testng.LoginTest" name="loginByTwitter" time="0.001"/>
  <testcase classname="study.testng.SignupTest" name="signupByEmail" time="0.002"/>
  <testcase classname="study.testng.SignupTest" name="signupByFacebook" time="0.002"/>
  <testcase classname="study.testng.SignupTest" name="signupByTwitter" time="0.001"/>
  <testcase classname="study.testng.PaymentTest" name="paymentInRupees" time="0.0">
    <ignored/>
  </testcase> <!-- paymentInRupees -->
  <testcase classname="study.testng.PaymentTest" name="paymentInDollar" time="0.0">
    <ignored/>
  </testcase> <!-- paymentInDollar -->
</testsuite> <!-- GroupingTest4 -->
