<?xml version="1.0" encoding="UTF-8"?>
<!-- Generated by org.testng.reporters.JUnitXMLReporter -->
<testsuite ignored="0" hostname="MAHESH-LENOVO-LAPTOP" failures="1" tests="3" name="MyListener" time="56.988" errors="0" timestamp="2024-08-16T16:31:23 IST">
  <testcase classname="study.testng.listener.OrangeHRMTest" name="testURL" time="0.054">
    <failure type="java.lang.AssertionError" message="expected [https://opensource-demo.orangehrmlive.com/web/index.php/auth/loginn] but found [https://opensource-demo.orangehrmlive.com/web/index.php/auth/login]">
      <![CDATA[java.lang.AssertionError: expected [https://opensource-demo.orangehrmlive.com/web/index.php/auth/loginn] but found [https://opensource-demo.orangehrmlive.com/web/index.php/auth/login]
at study.testng.listener.OrangeHRMTest.testURL(OrangeHRMTest.java:40)
at java.base/java.util.ArrayList.forEach(ArrayList.java:1511)
... Removed 33 stack frames]]>
    </failure>
  </testcase> <!-- testURL -->
  <testcase classname="study.testng.listener.OrangeHRMTest" name="testTitle" time="0.045"/>
  <testcase classname="study.testng.listener.OrangeHRMTest" name="testLogo" time="0.0">
    <skipped/>
  </testcase> <!-- testLogo -->
</testsuite> <!-- MyListener -->
