<?xml version="1.0" encoding="UTF-8"?>
<!-- Generated by org.testng.reporters.JUnitXMLReporter -->
<testsuite ignored="0" hostname="MAHESH-LENOVO-LAPTOP" failures="0" tests="7" name="OrangeHRMTest" time="0.122" errors="0" timestamp="2024-08-14T16:11:44 IST">
  <testcase classname="study.testng.AnnotationDemo1" name="openapp" time="0.01"/>
  <testcase classname="study.testng.AnnotationDemo1" name="login" time="0.003"/>
  <testcase classname="study.testng.AnnotationDemo1" name="logout" time="0.002"/>
  <testcase classname="study.testng.AnnotationDemo2" name="login" time="0.004"/>
  <testcase classname="study.testng.AnnotationDemo2" name="search" time="0.001"/>
  <testcase classname="study.testng.AnnotationDemo2" name="advsearch" time="0.002"/>
  <testcase classname="study.testng.AnnotationDemo2" name="logout" time="0.004"/>
</testsuite> <!-- OrangeHRMTest -->
