<?xml version="1.0" encoding="UTF-8"?>
<!-- Generated by org.testng.reporters.JUnitXMLReporter -->
<testsuite ignored="0" hostname="MAHESH-LENOVO-LAPTOP" failures="0" tests="3" name="ParameterTest3" time="11.549" errors="0" timestamp="2024-08-16T09:55:09 IST">
  <testcase classname="study.testng.ParameterTest" name="testLogo" time="0.089"/>
  <testcase classname="study.testng.ParameterTest" name="testTitle" time="0.025"/>
  <testcase classname="study.testng.ParameterTest" name="testURL" time="0.031"/>
</testsuite> <!-- ParameterTest3 -->
