<?xml version="1.0" encoding="UTF-8"?>
<!-- Generated by org.testng.reporters.JUnitXMLReporter -->
<testsuite ignored="0" hostname="MAHESH-LENOVO-LAPTOP" failures="0" tests="3" name="ParameterTest1" time="12.271" errors="0" timestamp="2024-08-16T09:54:56 IST">
  <testcase classname="study.testng.ParameterTest" name="testLogo" time="0.122"/>
  <testcase classname="study.testng.ParameterTest" name="testTitle" time="0.022"/>
  <testcase classname="study.testng.ParameterTest" name="testURL" time="0.018"/>
</testsuite> <!-- ParameterTest1 -->
