<?xml version="1.0" encoding="UTF-8"?>
<!-- Generated by org.testng.reporters.JUnitXMLReporter -->
<testsuite ignored="0" hostname="MAHESH-LENOVO-LAPTOP" failures="0" tests="3" name="ParameterTest" time="15.557" errors="0" timestamp="2024-08-16T08:32:28 IST">
  <testcase classname="study.testng.ParameterTest" name="testLogo" time="0.089"/>
  <testcase classname="study.testng.ParameterTest" name="testTitle" time="0.009"/>
  <testcase classname="study.testng.ParameterTest" name="testURL" time="0.01"/>
</testsuite> <!-- ParameterTest -->
