<?xml version="1.0" encoding="UTF-8"?>
<!-- Generated by org.testng.reporters.JUnitXMLReporter -->
<testsuite ignored="0" hostname="MAHESH-LENOVO-LAPTOP" failures="0" tests="3" name="ParameterTest2" time="1.671" errors="0" timestamp="2024-08-16T09:54:57 IST">
  <testcase classname="study.testng.ParameterTest" name="testLogo" time="0.0">
    <skipped/>
  </testcase> <!-- testLogo -->
  <testcase classname="study.testng.ParameterTest" name="testTitle" time="0.001">
    <skipped/>
  </testcase> <!-- testTitle -->
  <testcase classname="study.testng.ParameterTest" name="testURL" time="0.001">
    <skipped/>
  </testcase> <!-- testURL -->
</testsuite> <!-- ParameterTest2 -->
