<?xml version="1.0" encoding="UTF-8"?>
<!-- Generated by org.testng.reporters.JUnitXMLReporter -->
<testsuite ignored="0" hostname="MAHESH-LENOVO-LAPTOP" failures="0" tests="5" name="Test" time="9.985" errors="0" timestamp="2024-08-12T16:50:01 IST">
  <testcase classname="testNG.LaunchGoogle" name="openBrowser" time="1.553"/>
  <testcase classname="testNG.LaunchGoogle" name="launchApplication" time="4.748"/>
  <testcase classname="testNG.LaunchGoogle" name="searchAndClick" time="5.029"/>
  <testcase classname="testNG.LaunchGoogle" name="verifyPageTitle" time="5.025"/>
  <testcase classname="testNG.LaunchGoogle" name="closeBrowser" time="5.181"/>
</testsuite> <!-- Test -->
