<?xml version="1.0" encoding="UTF-8"?>
<!-- Generated by org.testng.reporters.JUnitXMLReporter -->
<testsuite ignored="0" hostname="MAHESH-LENOVO-LAPTOP" failures="0" tests="3" name="PaymentTest" time="0.064" errors="0" timestamp="2024-08-12T17:06:41 IST">
  <testcase classname="testNG.Payment" name="paymentInDoller" time="0.008"/>
  <testcase classname="testNG.Payment" name="paymentInRupees" time="0.003"/>
  <testcase classname="testNG.PaymentReturn" name="paymentReturnByBank" time="0.003"/>
</testsuite> <!-- PaymentTest -->
